<?xml version="1.0" encoding="UTF-8"?>
<testsuite xmlns:xsi="http://www.w3.org/2001/XMLSchema-instance" xsi:noNamespaceSchemaLocation="https://maven.apache.org/surefire/maven-surefire-plugin/xsd/surefire-test-report.xsd" version="3.0.2" name="ru.optimus.clicker.analytics.ClickAnalyticsApplicationTests" time="3.605" tests="1" errors="0" skipped="0" failures="0">
  <properties>
[...]
</properties>
  <testcase name="contextLoads" classname="ru.optimus.clicker.analytics.ClickAnalyticsApplicationTests" time="0.409">
    <system-out><![CDATA[23:00:36.843 [main] INFO org.springframework.test.context.support.AnnotationConfigContextLoaderUtils -- Could not detect default configuration classes for test class [ru.optimus.clicker.analytics.ClickAnalyticsApplicationTests]: ClickAnalyticsApplicationTests does not declare any static, non-private, non-final, nested classes annotated with @Configuration.
23:00:36.907 [main] INFO org.springframework.boot.test.context.SpringBootTestContextBootstrapper -- Found @SpringBootConfiguration ru.optimus.clicker.analytics.ClickAnalyticsApplication for test class ru.optimus.clicker.analytics.ClickAnalyticsApplicationTests

  .   ____          _            __ _ _
 /\\ / ___'_ __ _ _(_)_ __  __ _ \ \ \ \
( ( )\___ | '_ | '_| | '_ \/ _` | \ \ \ \
 \\/  ___)| |_)| | | | | || (_| |  ) ) ) )
  '  |____| .__|_| |_|_| |_\__, | / / / /
 =========|_|==============|___/=/_/_/_/

 :: Spring Boot ::                (v3.4.4)

2025-04-13T23:00:37.200+03:00  INFO 22464 --- [           main] r.o.c.a.ClickAnalyticsApplicationTests   : Starting ClickAnalyticsApplicationTests using Java 21.0.6 with PID 22464 (started by admin in C:\Users\admin\Desktop\clickerSpring\click-analytics)
2025-04-13T23:00:37.201+03:00  INFO 22464 --- [           main] r.o.c.a.ClickAnalyticsApplicationTests   : No active profile set, falling back to 1 default profile: "default"
2025-04-13T23:00:37.907+03:00  INFO 22464 --- [           main] .s.d.r.c.RepositoryConfigurationDelegate : Bootstrapping Spring Data Reactive Cassandra repositories in DEFAULT mode.
2025-04-13T23:00:37.922+03:00  INFO 22464 --- [           main] .s.d.r.c.RepositoryConfigurationDelegate : Finished Spring Data repository scanning in 9 ms. Found 0 Reactive Cassandra repository interfaces.
2025-04-13T23:00:37.930+03:00  INFO 22464 --- [           main] .s.d.r.c.RepositoryConfigurationDelegate : Bootstrapping Spring Data Cassandra repositories in DEFAULT mode.
2025-04-13T23:00:37.932+03:00  INFO 22464 --- [           main] .s.d.r.c.RepositoryConfigurationDelegate : Finished Spring Data repository scanning in 0 ms. Found 0 Cassandra repository interfaces.
2025-04-13T23:00:38.347+03:00  INFO 22464 --- [           main] c.d.o.d.i.core.DefaultMavenCoordinates   : Apache Cassandra Java Driver (org.apache.cassandra:java-driver-core) version 4.18.1
2025-04-13T23:00:38.441+03:00  INFO 22464 --- [           main] c.d.o.d.i.c.c.CqlPrepareAsyncProcessor   : Adding handler to invalidate cached prepared statements on type changes
2025-04-13T23:00:38.663+03:00  INFO 22464 --- [     s0-admin-0] c.d.oss.driver.internal.core.time.Clock  : Using native clock for microsecond precision
2025-04-13T23:00:38.664+03:00  INFO 22464 --- [     s0-admin-0] c.d.o.d.i.core.metadata.MetadataManager  : [s0] No contact points provided, defaulting to /127.0.0.1:9042
2025-04-13T23:00:39.787+03:00  INFO 22464 --- [           main] o.s.b.a.e.web.EndpointLinksResolver      : Exposing 1 endpoint beneath base path '/actuator'
2025-04-13T23:00:39.879+03:00  INFO 22464 --- [           main] r.o.c.a.ClickAnalyticsApplicationTests   : Started ClickAnalyticsApplicationTests in 2.889 seconds (process running for 3.452)
]]></system-out>
    <system-err><![CDATA[Mockito is currently self-attaching to enable the inline-mock-maker. This will no longer work in future releases of the JDK. Please add Mockito as an agent to your build what is described in Mockito's documentation: https://javadoc.io/doc/org.mockito/mockito-core/latest/org/mockito/Mockito.html#0.3
WARNING: A Java agent has been loaded dynamically (C:\Users\admin\.m2\repository\net\bytebuddy\byte-buddy-agent\1.15.11\byte-buddy-agent-1.15.11.jar)
WARNING: If a serviceability tool is in use, please run with -XX:+EnableDynamicAgentLoading to hide this warning
WARNING: If a serviceability tool is not in use, please run with -Djdk.instrument.traceUsage for more information
WARNING: Dynamic loading of agents will be disallowed by default in a future release
]]></system-err>
  </testcase>
</testsuite>